<?xml version="1.0" encoding="UTF-8" standalone="yes"?><!DOCTYPE report PUBLIC "-//JACOCO//DTD Report 1.1//EN" "report.dtd"><report name="NonPrimeSprialMatrixCreator-test"><sessioninfo id="Dave_NB-85069238" start="1743153606498" dump="1743153608390"/><package name="zest"><class name="zest/NonPrimeSpiralMatrixCreator" sourcefilename="NonPrimeSpiralMatrixCreator.java"><method name="&lt;init&gt;" desc="()V" line="3"><counter type="INSTRUCTION" missed="3" covered="0"/><counter type="LINE" missed="1" covered="0"/><counter type="COMPLEXITY" missed="1" covered="0"/><counter type="METHOD" missed="1" covered="0"/></method><method name="isPrime" desc="(I)Z" line="6"><counter type="INSTRUCTION" missed="0" covered="33"/><counter type="BRANCH" missed="0" covered="10"/><counter type="LINE" missed="0" covered="6"/><counter type="COMPLEXITY" missed="0" covered="6"/><counter type="METHOD" missed="0" covered="1"/></method><method name="createSpiralMatrix" desc="(I)[I" line="16"><counter type="INSTRUCTION" missed="0" covered="155"/><counter type="BRANCH" missed="1" covered="31"/><counter type="LINE" missed="0" covered="32"/><counter type="COMPLEXITY" missed="1" covered="16"/><counter type="METHOD" missed="0" covered="1"/></method><counter type="INSTRUCTION" missed="3" covered="188"/><counter type="BRANCH" missed="1" covered="41"/><counter type="LINE" missed="1" covered="38"/><counter type="COMPLEXITY" missed="2" covered="22"/><counter type="METHOD" missed="1" covered="2"/><counter type="CLASS" missed="0" covered="1"/></class><sourcefile name="NonPrimeSpiralMatrixCreator.java"><line nr="3" mi="3" ci="0" mb="0" cb="0"/><line nr="6" mi="0" ci="5" mb="0" cb="2"/><line nr="7" mi="0" ci="5" mb="0" cb="2"/><line nr="8" mi="0" ci="6" mb="0" cb="2"/><line nr="9" mi="0" ci="9" mb="0" cb="2"/><line nr="10" mi="0" ci="6" mb="0" cb="2"/><line nr="12" mi="0" ci="2" mb="0" cb="0"/><line nr="16" mi="0" ci="2" mb="0" cb="2"/><line nr="17" mi="0" ci="3" mb="0" cb="0"/><line nr="19" mi="0" ci="2" mb="0" cb="2"/><line nr="20" mi="0" ci="5" mb="0" cb="0"/><line nr="23" mi="0" ci="4" mb="0" cb="0"/><line nr="24" mi="0" ci="2" mb="0" cb="0"/><line nr="25" mi="0" ci="12" mb="0" cb="0"/><line nr="27" mi="0" ci="6" mb="1" cb="3"/><line nr="28" mi="0" ci="7" mb="0" cb="2"/><line nr="29" mi="0" ci="5" mb="0" cb="2"/><line nr="30" mi="0" ci="7" mb="0" cb="0"/><line nr="32" mi="0" ci="1" mb="0" cb="0"/><line nr="34" mi="0" ci="7" mb="0" cb="2"/><line nr="35" mi="0" ci="5" mb="0" cb="2"/><line nr="36" mi="0" ci="7" mb="0" cb="0"/><line nr="38" mi="0" ci="1" mb="0" cb="0"/><line nr="40" mi="0" ci="3" mb="0" cb="2"/><line nr="41" mi="0" ci="7" mb="0" cb="2"/><line nr="42" mi="0" ci="5" mb="0" cb="2"/><line nr="43" mi="0" ci="7" mb="0" cb="0"/><line nr="45" mi="0" ci="1" mb="0" cb="0"/><line nr="48" mi="0" ci="3" mb="0" cb="2"/><line nr="49" mi="0" ci="7" mb="0" cb="2"/><line nr="50" mi="0" ci="5" mb="0" cb="2"/><line nr="51" mi="0" ci="7" mb="0" cb="0"/><line nr="53" mi="0" ci="2" mb="0" cb="0"/><line nr="58" mi="0" ci="5" mb="0" cb="0"/><line nr="59" mi="0" ci="2" mb="0" cb="0"/><line nr="60" mi="0" ci="7" mb="0" cb="2"/><line nr="61" mi="0" ci="7" mb="0" cb="2"/><line nr="62" mi="0" ci="9" mb="0" cb="0"/><line nr="65" mi="0" ci="2" mb="0" cb="0"/><counter type="INSTRUCTION" missed="3" covered="188"/><counter type="BRANCH" missed="1" covered="41"/><counter type="LINE" missed="1" covered="38"/><counter type="COMPLEXITY" missed="2" covered="22"/><counter type="METHOD" missed="1" covered="2"/><counter type="CLASS" missed="0" covered="1"/></sourcefile><counter type="INSTRUCTION" missed="3" covered="188"/><counter type="BRANCH" missed="1" covered="41"/><counter type="LINE" missed="1" covered="38"/><counter type="COMPLEXITY" missed="2" covered="22"/><counter type="METHOD" missed="1" covered="2"/><counter type="CLASS" missed="0" covered="1"/></package><counter type="INSTRUCTION" missed="3" covered="188"/><counter type="BRANCH" missed="1" covered="41"/><counter type="LINE" missed="1" covered="38"/><counter type="COMPLEXITY" missed="2" covered="22"/><counter type="METHOD" missed="1" covered="2"/><counter type="CLASS" missed="0" covered="1"/></report>