<?xml version="1.0" encoding="UTF-8" standalone="yes"?><!DOCTYPE report PUBLIC "-//JACOCO//DTD Report 1.1//EN" "report.dtd"><report name="ArrayElementSwapper-test"><sessioninfo id="Claudios-MacBook-Air.fritz.box-1879bf65" start="1741778886505" dump="1741778886989"/><sessioninfo id="Claudios-MacBook-Air.fritz.box-97aca152" start="1741778994999" dump="1741778995409"/><sessioninfo id="Claudios-MacBook-Air.fritz.box-2ad78822" start="1741779054770" dump="1741779055094"/><sessioninfo id="Claudios-MacBook-Air.fritz.box-cdcf9201" start="1741779631523" dump="1741779631961"/><sessioninfo id="Claudios-MacBook-Air.fritz.box-a987ef92" start="1741779685083" dump="1741779685428"/><sessioninfo id="Claudios-MacBook-Air.fritz.box-ca9d25c4" start="1741779714695" dump="1741779715369"/><sessioninfo id="Mac.fritz.box-4db08c3" start="1741780391492" dump="1741780393443"/><sessioninfo id="Mac.fritz.box-5e3f9db3" start="1741780480099" dump="1741780480657"/><sessioninfo id="Dave_NB-44d6239f" start="1745617065617" dump="1745617068047"/><package name="zest"><class name="zest/ArrayElementSwapper" sourcefilename="ArrayElementSwapper.java"><method name="&lt;init&gt;" desc="()V" line="3"><counter type="INSTRUCTION" missed="0" covered="3"/><counter type="LINE" missed="0" covered="1"/><counter type="COMPLEXITY" missed="0" covered="1"/><counter type="METHOD" missed="0" covered="1"/></method><method name="swapElements" desc="([I)V" line="11"><counter type="INSTRUCTION" missed="0" covered="50"/><counter type="BRANCH" missed="0" covered="12"/><counter type="LINE" missed="0" covered="9"/><counter type="COMPLEXITY" missed="0" covered="7"/><counter type="METHOD" missed="0" covered="1"/></method><counter type="INSTRUCTION" missed="0" covered="53"/><counter type="BRANCH" missed="0" covered="12"/><counter type="LINE" missed="0" covered="10"/><counter type="COMPLEXITY" missed="0" covered="8"/><counter type="METHOD" missed="0" covered="2"/><counter type="CLASS" missed="0" covered="1"/></class><sourcefile name="ArrayElementSwapper.java"><line nr="3" mi="0" ci="3" mb="0" cb="0"/><line nr="11" mi="0" ci="6" mb="0" cb="4"/><line nr="12" mi="0" ci="1" mb="0" cb="0"/><line nr="16" mi="0" ci="8" mb="0" cb="2"/><line nr="18" mi="0" ci="4" mb="0" cb="2"/><line nr="21" mi="0" ci="12" mb="0" cb="4"/><line nr="23" mi="0" ci="4" mb="0" cb="0"/><line nr="24" mi="0" ci="8" mb="0" cb="0"/><line nr="25" mi="0" ci="6" mb="0" cb="0"/><line nr="29" mi="0" ci="1" mb="0" cb="0"/><counter type="INSTRUCTION" missed="0" covered="53"/><counter type="BRANCH" missed="0" covered="12"/><counter type="LINE" missed="0" covered="10"/><counter type="COMPLEXITY" missed="0" covered="8"/><counter type="METHOD" missed="0" covered="2"/><counter type="CLASS" missed="0" covered="1"/></sourcefile><counter type="INSTRUCTION" missed="0" covered="53"/><counter type="BRANCH" missed="0" covered="12"/><counter type="LINE" missed="0" covered="10"/><counter type="COMPLEXITY" missed="0" covered="8"/><counter type="METHOD" missed="0" covered="2"/><counter type="CLASS" missed="0" covered="1"/></package><counter type="INSTRUCTION" missed="0" covered="53"/><counter type="BRANCH" missed="0" covered="12"/><counter type="LINE" missed="0" covered="10"/><counter type="COMPLEXITY" missed="0" covered="8"/><counter type="METHOD" missed="0" covered="2"/><counter type="CLASS" missed="0" covered="1"/></report>