<?xml version="1.0" encoding="UTF-8" standalone="yes"?><!DOCTYPE report PUBLIC "-//JACOCO//DTD Report 1.1//EN" "report.dtd"><report name="ElementSum-test"><sessioninfo id="Mac.fritz.box-127bf4e6" start="1741775241361" dump="1741775245307"/><package name="zest"><class name="zest/ConsecutiveElementsSum" sourcefilename="ConsecutiveElementsSum.java"><method name="&lt;init&gt;" desc="()V" line="3"><counter type="INSTRUCTION" missed="0" covered="3"/><counter type="LINE" missed="0" covered="1"/><counter type="COMPLEXITY" missed="0" covered="1"/><counter type="METHOD" missed="0" covered="1"/></method><method name="maxConsecutiveSum" desc="([I)I" line="10"><counter type="INSTRUCTION" missed="0" covered="39"/><counter type="BRANCH" missed="0" covered="6"/><counter type="LINE" missed="0" covered="8"/><counter type="COMPLEXITY" missed="0" covered="4"/><counter type="METHOD" missed="0" covered="1"/></method><counter type="INSTRUCTION" missed="0" covered="42"/><counter type="BRANCH" missed="0" covered="6"/><counter type="LINE" missed="0" covered="9"/><counter type="COMPLEXITY" missed="0" covered="5"/><counter type="METHOD" missed="0" covered="2"/><counter type="CLASS" missed="0" covered="1"/></class><sourcefile name="ConsecutiveElementsSum.java"><line nr="3" mi="0" ci="3" mb="0" cb="0"/><line nr="10" mi="0" ci="5" mb="0" cb="4"/><line nr="11" mi="0" ci="2" mb="0" cb="0"/><line nr="14" mi="0" ci="4" mb="0" cb="0"/><line nr="15" mi="0" ci="4" mb="0" cb="0"/><line nr="17" mi="0" ci="8" mb="0" cb="2"/><line nr="18" mi="0" ci="10" mb="0" cb="0"/><line nr="19" mi="0" ci="4" mb="0" cb="0"/><line nr="22" mi="0" ci="2" mb="0" cb="0"/><counter type="INSTRUCTION" missed="0" covered="42"/><counter type="BRANCH" missed="0" covered="6"/><counter type="LINE" missed="0" covered="9"/><counter type="COMPLEXITY" missed="0" covered="5"/><counter type="METHOD" missed="0" covered="2"/><counter type="CLASS" missed="0" covered="1"/></sourcefile><counter type="INSTRUCTION" missed="0" covered="42"/><counter type="BRANCH" missed="0" covered="6"/><counter type="LINE" missed="0" covered="9"/><counter type="COMPLEXITY" missed="0" covered="5"/><counter type="METHOD" missed="0" covered="2"/><counter type="CLASS" missed="0" covered="1"/></package><counter type="INSTRUCTION" missed="0" covered="42"/><counter type="BRANCH" missed="0" covered="6"/><counter type="LINE" missed="0" covered="9"/><counter type="COMPLEXITY" missed="0" covered="5"/><counter type="METHOD" missed="0" covered="2"/><counter type="CLASS" missed="0" covered="1"/></report>