<?xml version="1.0" encoding="UTF-8"?>
<testsuite xmlns:xsi="http://www.w3.org/2001/XMLSchema-instance" xsi:noNamespaceSchemaLocation="https://maven.apache.org/surefire/maven-surefire-plugin/xsd/surefire-test-report-3.0.xsd" version="3.0" name="zest.NonPrimeSpiralMatrixCreatorTest" time="0.147" tests="6" errors="0" skipped="0" failures="0">
  <properties>
[...]
</properties>
  <testcase name="testOne" classname="zest.NonPrimeSpiralMatrixCreatorTest" time="0.085"/>
  <testcase name="testTwo" classname="zest.NonPrimeSpiralMatrixCreatorTest" time="0.002"/>
  <testcase name="testZero" classname="zest.NonPrimeSpiralMatrixCreatorTest" time="0.003"/>
  <testcase name="testEvenNumber" classname="zest.NonPrimeSpiralMatrixCreatorTest" time="0.002"/>
  <testcase name="testNegativeNumber" classname="zest.NonPrimeSpiralMatrixCreatorTest" time="0.007"/>
  <testcase name="testOddNumber" classname="zest.NonPrimeSpiralMatrixCreatorTest" time="0.001"/>
</testsuite>